[21-Jan-2025 23:26:32 UTC] PHP Warning:  Constant SL_APP_API_URL already defined in /Users/aramirez/GitHub/PowerMole/wp-content/plugins/slide-any-post/php/slide-any-post-admin.php on line 233
[21-Jan-2025 23:26:32 UTC] PHP Warning:  Constant SL_PRODUCT_ID already defined in /Users/aramirez/GitHub/PowerMole/wp-content/plugins/slide-any-post/php/slide-any-post-admin.php on line 235
[21-Jan-2025 23:26:32 UTC] PHP Warning:  Constant SL_INSTANCE already defined in /Users/aramirez/GitHub/PowerMole/wp-content/plugins/slide-any-post/php/slide-any-post-admin.php on line 238
[21-Jan-2025 23:26:48 UTC] PHP Warning:  Constant SL_APP_API_URL already defined in /Users/aramirez/GitHub/PowerMole/wp-content/plugins/slide-any-post/php/slide-any-post-admin.php on line 233
[21-Jan-2025 23:26:48 UTC] PHP Warning:  Constant SL_PRODUCT_ID already defined in /Users/aramirez/GitHub/PowerMole/wp-content/plugins/slide-any-post/php/slide-any-post-admin.php on line 235
[21-Jan-2025 23:26:48 UTC] PHP Warning:  Constant SL_INSTANCE already defined in /Users/aramirez/GitHub/PowerMole/wp-content/plugins/slide-any-post/php/slide-any-post-admin.php on line 238
[21-Jan-2025 23:28:09 UTC] PHP Warning:  Constant SL_APP_API_URL already defined in /Users/aramirez/GitHub/PowerMole/wp-content/plugins/slide-any-post/php/slide-any-post-admin.php on line 233
[21-Jan-2025 23:28:09 UTC] PHP Warning:  Constant SL_PRODUCT_ID already defined in /Users/aramirez/GitHub/PowerMole/wp-content/plugins/slide-any-post/php/slide-any-post-admin.php on line 235
[21-Jan-2025 23:28:09 UTC] PHP Warning:  Constant SL_INSTANCE already defined in /Users/aramirez/GitHub/PowerMole/wp-content/plugins/slide-any-post/php/slide-any-post-admin.php on line 238
[21-Jan-2025 23:28:17 UTC] PHP Warning:  Constant SL_APP_API_URL already defined in /Users/aramirez/GitHub/PowerMole/wp-content/plugins/slide-any-post/php/slide-any-post-admin.php on line 233
[21-Jan-2025 23:28:17 UTC] PHP Warning:  Constant SL_PRODUCT_ID already defined in /Users/aramirez/GitHub/PowerMole/wp-content/plugins/slide-any-post/php/slide-any-post-admin.php on line 235
[21-Jan-2025 23:28:17 UTC] PHP Warning:  Constant SL_INSTANCE already defined in /Users/aramirez/GitHub/PowerMole/wp-content/plugins/slide-any-post/php/slide-any-post-admin.php on line 238
[22-Jan-2025 15:33:38 UTC] PHP Warning:  Constant SL_APP_API_URL already defined in /Users/aramirez/GitHub/PowerMole/wp-content/plugins/slide-any-post/php/slide-any-post-admin.php on line 233
[22-Jan-2025 15:33:38 UTC] PHP Warning:  Constant SL_PRODUCT_ID already defined in /Users/aramirez/GitHub/PowerMole/wp-content/plugins/slide-any-post/php/slide-any-post-admin.php on line 235
[22-Jan-2025 15:33:38 UTC] PHP Warning:  Constant SL_INSTANCE already defined in /Users/aramirez/GitHub/PowerMole/wp-content/plugins/slide-any-post/php/slide-any-post-admin.php on line 238
[22-Jan-2025 15:33:41 UTC] Automatic updates starting...
[22-Jan-2025 15:33:42 UTC] Automatic updates complete.
[22-Jan-2025 15:54:03 UTC] PHP Warning:  Constant SL_APP_API_URL already defined in /Users/aramirez/GitHub/PowerMole/wp-content/plugins/slide-any-post/php/slide-any-post-admin.php on line 233
[22-Jan-2025 15:54:03 UTC] PHP Warning:  Constant SL_PRODUCT_ID already defined in /Users/aramirez/GitHub/PowerMole/wp-content/plugins/slide-any-post/php/slide-any-post-admin.php on line 235
[22-Jan-2025 15:54:03 UTC] PHP Warning:  Constant SL_INSTANCE already defined in /Users/aramirez/GitHub/PowerMole/wp-content/plugins/slide-any-post/php/slide-any-post-admin.php on line 238
[22-Jan-2025 15:58:33 UTC] PHP Warning:  Constant SL_APP_API_URL already defined in /Users/aramirez/GitHub/PowerMole/wp-content/plugins/slide-any-post/php/slide-any-post-admin.php on line 233
[22-Jan-2025 15:58:33 UTC] PHP Warning:  Constant SL_PRODUCT_ID already defined in /Users/aramirez/GitHub/PowerMole/wp-content/plugins/slide-any-post/php/slide-any-post-admin.php on line 235
[22-Jan-2025 15:58:33 UTC] PHP Warning:  Constant SL_INSTANCE already defined in /Users/aramirez/GitHub/PowerMole/wp-content/plugins/slide-any-post/php/slide-any-post-admin.php on line 238
[22-Jan-2025 16:03:13 UTC] PHP Warning:  Constant SL_APP_API_URL already defined in /Users/aramirez/GitHub/PowerMole/wp-content/plugins/slide-any-post/php/slide-any-post-admin.php on line 233
[22-Jan-2025 16:03:13 UTC] PHP Warning:  Constant SL_PRODUCT_ID already defined in /Users/aramirez/GitHub/PowerMole/wp-content/plugins/slide-any-post/php/slide-any-post-admin.php on line 235
[22-Jan-2025 16:03:13 UTC] PHP Warning:  Constant SL_INSTANCE already defined in /Users/aramirez/GitHub/PowerMole/wp-content/plugins/slide-any-post/php/slide-any-post-admin.php on line 238
[22-Jan-2025 16:11:03 UTC] PHP Warning:  Constant SL_APP_API_URL already defined in /Users/aramirez/GitHub/PowerMole/wp-content/plugins/slide-any-post/php/slide-any-post-admin.php on line 233
[22-Jan-2025 16:11:03 UTC] PHP Warning:  Constant SL_PRODUCT_ID already defined in /Users/aramirez/GitHub/PowerMole/wp-content/plugins/slide-any-post/php/slide-any-post-admin.php on line 235
[22-Jan-2025 16:11:03 UTC] PHP Warning:  Constant SL_INSTANCE already defined in /Users/aramirez/GitHub/PowerMole/wp-content/plugins/slide-any-post/php/slide-any-post-admin.php on line 238
[22-Jan-2025 16:11:11 UTC] PHP Warning:  Constant SL_APP_API_URL already defined in /Users/aramirez/GitHub/PowerMole/wp-content/plugins/slide-any-post/php/slide-any-post-admin.php on line 233
[22-Jan-2025 16:11:11 UTC] PHP Warning:  Constant SL_PRODUCT_ID already defined in /Users/aramirez/GitHub/PowerMole/wp-content/plugins/slide-any-post/php/slide-any-post-admin.php on line 235
[22-Jan-2025 16:11:11 UTC] PHP Warning:  Constant SL_INSTANCE already defined in /Users/aramirez/GitHub/PowerMole/wp-content/plugins/slide-any-post/php/slide-any-post-admin.php on line 238
[22-Jan-2025 16:32:33 UTC] PHP Warning:  Constant SL_APP_API_URL already defined in /Users/aramirez/GitHub/PowerMole/wp-content/plugins/slide-any-post/php/slide-any-post-admin.php on line 233
[22-Jan-2025 16:32:33 UTC] PHP Warning:  Constant SL_PRODUCT_ID already defined in /Users/aramirez/GitHub/PowerMole/wp-content/plugins/slide-any-post/php/slide-any-post-admin.php on line 235
[22-Jan-2025 16:32:33 UTC] PHP Warning:  Constant SL_INSTANCE already defined in /Users/aramirez/GitHub/PowerMole/wp-content/plugins/slide-any-post/php/slide-any-post-admin.php on line 238
[22-Jan-2025 16:32:58 UTC] PHP Warning:  Constant SL_APP_API_URL already defined in /Users/aramirez/GitHub/PowerMole/wp-content/plugins/slide-any-post/php/slide-any-post-admin.php on line 233
[22-Jan-2025 16:32:58 UTC] PHP Warning:  Constant SL_PRODUCT_ID already defined in /Users/aramirez/GitHub/PowerMole/wp-content/plugins/slide-any-post/php/slide-any-post-admin.php on line 235
[22-Jan-2025 16:32:58 UTC] PHP Warning:  Constant SL_INSTANCE already defined in /Users/aramirez/GitHub/PowerMole/wp-content/plugins/slide-any-post/php/slide-any-post-admin.php on line 238
[22-Jan-2025 16:33:43 UTC] PHP Warning:  Constant SL_APP_API_URL already defined in /Users/aramirez/GitHub/PowerMole/wp-content/plugins/slide-any-post/php/slide-any-post-admin.php on line 233
[22-Jan-2025 16:33:43 UTC] PHP Warning:  Constant SL_PRODUCT_ID already defined in /Users/aramirez/GitHub/PowerMole/wp-content/plugins/slide-any-post/php/slide-any-post-admin.php on line 235
[22-Jan-2025 16:33:43 UTC] PHP Warning:  Constant SL_INSTANCE already defined in /Users/aramirez/GitHub/PowerMole/wp-content/plugins/slide-any-post/php/slide-any-post-admin.php on line 238
[22-Jan-2025 16:40:18 UTC] PHP Warning:  Constant SL_APP_API_URL already defined in /Users/aramirez/GitHub/PowerMole/wp-content/plugins/slide-any-post/php/slide-any-post-admin.php on line 233
[22-Jan-2025 16:40:18 UTC] PHP Warning:  Constant SL_PRODUCT_ID already defined in /Users/aramirez/GitHub/PowerMole/wp-content/plugins/slide-any-post/php/slide-any-post-admin.php on line 235
[22-Jan-2025 16:40:18 UTC] PHP Warning:  Constant SL_INSTANCE already defined in /Users/aramirez/GitHub/PowerMole/wp-content/plugins/slide-any-post/php/slide-any-post-admin.php on line 238
[22-Jan-2025 16:40:35 UTC] PHP Warning:  Constant SL_APP_API_URL already defined in /Users/aramirez/GitHub/PowerMole/wp-content/plugins/slide-any-post/php/slide-any-post-admin.php on line 233
[22-Jan-2025 16:40:35 UTC] PHP Warning:  Constant SL_PRODUCT_ID already defined in /Users/aramirez/GitHub/PowerMole/wp-content/plugins/slide-any-post/php/slide-any-post-admin.php on line 235
[22-Jan-2025 16:40:35 UTC] PHP Warning:  Constant SL_INSTANCE already defined in /Users/aramirez/GitHub/PowerMole/wp-content/plugins/slide-any-post/php/slide-any-post-admin.php on line 238
[22-Jan-2025 16:40:56 UTC] PHP Warning:  Constant SL_APP_API_URL already defined in /Users/aramirez/GitHub/PowerMole/wp-content/plugins/slide-any-post/php/slide-any-post-admin.php on line 233
[22-Jan-2025 16:40:56 UTC] PHP Warning:  Constant SL_PRODUCT_ID already defined in /Users/aramirez/GitHub/PowerMole/wp-content/plugins/slide-any-post/php/slide-any-post-admin.php on line 235
[22-Jan-2025 16:40:56 UTC] PHP Warning:  Constant SL_INSTANCE already defined in /Users/aramirez/GitHub/PowerMole/wp-content/plugins/slide-any-post/php/slide-any-post-admin.php on line 238
[22-Jan-2025 16:48:09 UTC] PHP Warning:  Constant SL_APP_API_URL already defined in /Users/aramirez/GitHub/PowerMole/wp-content/plugins/slide-any-post/php/slide-any-post-admin.php on line 233
[22-Jan-2025 16:48:09 UTC] PHP Warning:  Constant SL_PRODUCT_ID already defined in /Users/aramirez/GitHub/PowerMole/wp-content/plugins/slide-any-post/php/slide-any-post-admin.php on line 235
[22-Jan-2025 16:48:09 UTC] PHP Warning:  Constant SL_INSTANCE already defined in /Users/aramirez/GitHub/PowerMole/wp-content/plugins/slide-any-post/php/slide-any-post-admin.php on line 238
[22-Jan-2025 16:50:13 UTC] PHP Warning:  Constant SL_APP_API_URL already defined in /Users/aramirez/GitHub/PowerMole/wp-content/plugins/slide-any-post/php/slide-any-post-admin.php on line 233
[22-Jan-2025 16:50:13 UTC] PHP Warning:  Constant SL_PRODUCT_ID already defined in /Users/aramirez/GitHub/PowerMole/wp-content/plugins/slide-any-post/php/slide-any-post-admin.php on line 235
[22-Jan-2025 16:50:13 UTC] PHP Warning:  Constant SL_INSTANCE already defined in /Users/aramirez/GitHub/PowerMole/wp-content/plugins/slide-any-post/php/slide-any-post-admin.php on line 238
[22-Jan-2025 16:50:16 UTC] PHP Warning:  Constant SL_APP_API_URL already defined in /Users/aramirez/GitHub/PowerMole/wp-content/plugins/slide-any-post/php/slide-any-post-admin.php on line 233
[22-Jan-2025 16:50:16 UTC] PHP Warning:  Constant SL_PRODUCT_ID already defined in /Users/aramirez/GitHub/PowerMole/wp-content/plugins/slide-any-post/php/slide-any-post-admin.php on line 235
[22-Jan-2025 16:50:16 UTC] PHP Warning:  Constant SL_INSTANCE already defined in /Users/aramirez/GitHub/PowerMole/wp-content/plugins/slide-any-post/php/slide-any-post-admin.php on line 238
[22-Jan-2025 16:53:37 UTC] PHP Warning:  Constant SL_APP_API_URL already defined in /Users/aramirez/GitHub/PowerMole/wp-content/plugins/slide-any-post/php/slide-any-post-admin.php on line 233
[22-Jan-2025 16:53:37 UTC] PHP Warning:  Constant SL_PRODUCT_ID already defined in /Users/aramirez/GitHub/PowerMole/wp-content/plugins/slide-any-post/php/slide-any-post-admin.php on line 235
[22-Jan-2025 16:53:37 UTC] PHP Warning:  Constant SL_INSTANCE already defined in /Users/aramirez/GitHub/PowerMole/wp-content/plugins/slide-any-post/php/slide-any-post-admin.php on line 238
[22-Jan-2025 16:53:58 UTC] PHP Warning:  Constant SL_APP_API_URL already defined in /Users/aramirez/GitHub/PowerMole/wp-content/plugins/slide-any-post/php/slide-any-post-admin.php on line 233
[22-Jan-2025 16:53:58 UTC] PHP Warning:  Constant SL_PRODUCT_ID already defined in /Users/aramirez/GitHub/PowerMole/wp-content/plugins/slide-any-post/php/slide-any-post-admin.php on line 235
[22-Jan-2025 16:53:58 UTC] PHP Warning:  Constant SL_INSTANCE already defined in /Users/aramirez/GitHub/PowerMole/wp-content/plugins/slide-any-post/php/slide-any-post-admin.php on line 238
[22-Jan-2025 16:56:34 UTC] PHP Warning:  Constant SL_APP_API_URL already defined in /Users/aramirez/GitHub/PowerMole/wp-content/plugins/slide-any-post/php/slide-any-post-admin.php on line 233
[22-Jan-2025 16:56:34 UTC] PHP Warning:  Constant SL_PRODUCT_ID already defined in /Users/aramirez/GitHub/PowerMole/wp-content/plugins/slide-any-post/php/slide-any-post-admin.php on line 235
[22-Jan-2025 16:56:34 UTC] PHP Warning:  Constant SL_INSTANCE already defined in /Users/aramirez/GitHub/PowerMole/wp-content/plugins/slide-any-post/php/slide-any-post-admin.php on line 238
[22-Jan-2025 16:56:37 UTC] PHP Warning:  Constant SL_APP_API_URL already defined in /Users/aramirez/GitHub/PowerMole/wp-content/plugins/slide-any-post/php/slide-any-post-admin.php on line 233
[22-Jan-2025 16:56:37 UTC] PHP Warning:  Constant SL_PRODUCT_ID already defined in /Users/aramirez/GitHub/PowerMole/wp-content/plugins/slide-any-post/php/slide-any-post-admin.php on line 235
[22-Jan-2025 16:56:37 UTC] PHP Warning:  Constant SL_INSTANCE already defined in /Users/aramirez/GitHub/PowerMole/wp-content/plugins/slide-any-post/php/slide-any-post-admin.php on line 238
[22-Jan-2025 16:56:55 UTC] PHP Warning:  Constant SL_APP_API_URL already defined in /Users/aramirez/GitHub/PowerMole/wp-content/plugins/slide-any-post/php/slide-any-post-admin.php on line 233
[22-Jan-2025 16:56:55 UTC] PHP Warning:  Constant SL_PRODUCT_ID already defined in /Users/aramirez/GitHub/PowerMole/wp-content/plugins/slide-any-post/php/slide-any-post-admin.php on line 235
[22-Jan-2025 16:56:55 UTC] PHP Warning:  Constant SL_INSTANCE already defined in /Users/aramirez/GitHub/PowerMole/wp-content/plugins/slide-any-post/php/slide-any-post-admin.php on line 238
[22-Jan-2025 16:57:03 UTC] PHP Warning:  Constant SL_APP_API_URL already defined in /Users/aramirez/GitHub/PowerMole/wp-content/plugins/slide-any-post/php/slide-any-post-admin.php on line 233
[22-Jan-2025 16:57:03 UTC] PHP Warning:  Constant SL_PRODUCT_ID already defined in /Users/aramirez/GitHub/PowerMole/wp-content/plugins/slide-any-post/php/slide-any-post-admin.php on line 235
[22-Jan-2025 16:57:03 UTC] PHP Warning:  Constant SL_INSTANCE already defined in /Users/aramirez/GitHub/PowerMole/wp-content/plugins/slide-any-post/php/slide-any-post-admin.php on line 238
[22-Jan-2025 16:58:20 UTC] PHP Warning:  Constant SL_APP_API_URL already defined in /Users/aramirez/GitHub/PowerMole/wp-content/plugins/slide-any-post/php/slide-any-post-admin.php on line 233
[22-Jan-2025 16:58:20 UTC] PHP Warning:  Constant SL_PRODUCT_ID already defined in /Users/aramirez/GitHub/PowerMole/wp-content/plugins/slide-any-post/php/slide-any-post-admin.php on line 235
[22-Jan-2025 16:58:20 UTC] PHP Warning:  Constant SL_INSTANCE already defined in /Users/aramirez/GitHub/PowerMole/wp-content/plugins/slide-any-post/php/slide-any-post-admin.php on line 238
[22-Jan-2025 17:02:54 UTC] PHP Warning:  Constant SL_APP_API_URL already defined in /Users/aramirez/GitHub/PowerMole/wp-content/plugins/slide-any-post/php/slide-any-post-admin.php on line 233
[22-Jan-2025 17:02:54 UTC] PHP Warning:  Constant SL_PRODUCT_ID already defined in /Users/aramirez/GitHub/PowerMole/wp-content/plugins/slide-any-post/php/slide-any-post-admin.php on line 235
[22-Jan-2025 17:02:54 UTC] PHP Warning:  Constant SL_INSTANCE already defined in /Users/aramirez/GitHub/PowerMole/wp-content/plugins/slide-any-post/php/slide-any-post-admin.php on line 238
[22-Jan-2025 17:06:12 UTC] PHP Warning:  Constant SL_APP_API_URL already defined in /Users/aramirez/GitHub/PowerMole/wp-content/plugins/slide-any-post/php/slide-any-post-admin.php on line 233
[22-Jan-2025 17:06:12 UTC] PHP Warning:  Constant SL_PRODUCT_ID already defined in /Users/aramirez/GitHub/PowerMole/wp-content/plugins/slide-any-post/php/slide-any-post-admin.php on line 235
[22-Jan-2025 17:06:12 UTC] PHP Warning:  Constant SL_INSTANCE already defined in /Users/aramirez/GitHub/PowerMole/wp-content/plugins/slide-any-post/php/slide-any-post-admin.php on line 238
[22-Jan-2025 17:06:23 UTC] PHP Warning:  Constant SL_APP_API_URL already defined in /Users/aramirez/GitHub/PowerMole/wp-content/plugins/slide-any-post/php/slide-any-post-admin.php on line 233
[22-Jan-2025 17:06:23 UTC] PHP Warning:  Constant SL_PRODUCT_ID already defined in /Users/aramirez/GitHub/PowerMole/wp-content/plugins/slide-any-post/php/slide-any-post-admin.php on line 235
[22-Jan-2025 17:06:23 UTC] PHP Warning:  Constant SL_INSTANCE already defined in /Users/aramirez/GitHub/PowerMole/wp-content/plugins/slide-any-post/php/slide-any-post-admin.php on line 238
[22-Jan-2025 17:23:00 UTC] PHP Warning:  Constant SL_APP_API_URL already defined in /Users/aramirez/GitHub/PowerMole/wp-content/plugins/slide-any-post/php/slide-any-post-admin.php on line 233
[22-Jan-2025 17:23:00 UTC] PHP Warning:  Constant SL_PRODUCT_ID already defined in /Users/aramirez/GitHub/PowerMole/wp-content/plugins/slide-any-post/php/slide-any-post-admin.php on line 235
[22-Jan-2025 17:23:00 UTC] PHP Warning:  Constant SL_INSTANCE already defined in /Users/aramirez/GitHub/PowerMole/wp-content/plugins/slide-any-post/php/slide-any-post-admin.php on line 238
[22-Jan-2025 17:46:08 UTC] PHP Warning:  Constant SL_APP_API_URL already defined in /Users/aramirez/GitHub/PowerMole/wp-content/plugins/slide-any-post/php/slide-any-post-admin.php on line 233
[22-Jan-2025 17:46:08 UTC] PHP Warning:  Constant SL_PRODUCT_ID already defined in /Users/aramirez/GitHub/PowerMole/wp-content/plugins/slide-any-post/php/slide-any-post-admin.php on line 235
[22-Jan-2025 17:46:08 UTC] PHP Warning:  Constant SL_INSTANCE already defined in /Users/aramirez/GitHub/PowerMole/wp-content/plugins/slide-any-post/php/slide-any-post-admin.php on line 238
[22-Jan-2025 18:14:50 UTC] PHP Warning:  Constant SL_APP_API_URL already defined in /Users/aramirez/GitHub/PowerMole/wp-content/plugins/slide-any-post/php/slide-any-post-admin.php on line 233
[22-Jan-2025 18:14:50 UTC] PHP Warning:  Constant SL_PRODUCT_ID already defined in /Users/aramirez/GitHub/PowerMole/wp-content/plugins/slide-any-post/php/slide-any-post-admin.php on line 235
[22-Jan-2025 18:14:50 UTC] PHP Warning:  Constant SL_INSTANCE already defined in /Users/aramirez/GitHub/PowerMole/wp-content/plugins/slide-any-post/php/slide-any-post-admin.php on line 238
[22-Jan-2025 18:16:26 UTC] PHP Warning:  Constant SL_APP_API_URL already defined in /Users/aramirez/GitHub/PowerMole/wp-content/plugins/slide-any-post/php/slide-any-post-admin.php on line 233
[22-Jan-2025 18:16:26 UTC] PHP Warning:  Constant SL_PRODUCT_ID already defined in /Users/aramirez/GitHub/PowerMole/wp-content/plugins/slide-any-post/php/slide-any-post-admin.php on line 235
[22-Jan-2025 18:16:26 UTC] PHP Warning:  Constant SL_INSTANCE already defined in /Users/aramirez/GitHub/PowerMole/wp-content/plugins/slide-any-post/php/slide-any-post-admin.php on line 238
[22-Jan-2025 18:16:51 UTC] PHP Warning:  Constant SL_APP_API_URL already defined in /Users/aramirez/GitHub/PowerMole/wp-content/plugins/slide-any-post/php/slide-any-post-admin.php on line 233
[22-Jan-2025 18:16:51 UTC] PHP Warning:  Constant SL_PRODUCT_ID already defined in /Users/aramirez/GitHub/PowerMole/wp-content/plugins/slide-any-post/php/slide-any-post-admin.php on line 235
[22-Jan-2025 18:16:51 UTC] PHP Warning:  Constant SL_INSTANCE already defined in /Users/aramirez/GitHub/PowerMole/wp-content/plugins/slide-any-post/php/slide-any-post-admin.php on line 238
[22-Jan-2025 18:34:22 UTC] PHP Warning:  Constant SL_APP_API_URL already defined in /Users/aramirez/GitHub/PowerMole/wp-content/plugins/slide-any-post/php/slide-any-post-admin.php on line 233
[22-Jan-2025 18:34:22 UTC] PHP Warning:  Constant SL_PRODUCT_ID already defined in /Users/aramirez/GitHub/PowerMole/wp-content/plugins/slide-any-post/php/slide-any-post-admin.php on line 235
[22-Jan-2025 18:34:22 UTC] PHP Warning:  Constant SL_INSTANCE already defined in /Users/aramirez/GitHub/PowerMole/wp-content/plugins/slide-any-post/php/slide-any-post-admin.php on line 238
[22-Jan-2025 18:34:26 UTC] PHP Warning:  Constant SL_APP_API_URL already defined in /Users/aramirez/GitHub/PowerMole/wp-content/plugins/slide-any-post/php/slide-any-post-admin.php on line 233
[22-Jan-2025 18:34:26 UTC] PHP Warning:  Constant SL_PRODUCT_ID already defined in /Users/aramirez/GitHub/PowerMole/wp-content/plugins/slide-any-post/php/slide-any-post-admin.php on line 235
[22-Jan-2025 18:34:26 UTC] PHP Warning:  Constant SL_INSTANCE already defined in /Users/aramirez/GitHub/PowerMole/wp-content/plugins/slide-any-post/php/slide-any-post-admin.php on line 238
[22-Jan-2025 19:05:17 UTC] PHP Warning:  Constant SL_APP_API_URL already defined in /Users/aramirez/GitHub/PowerMole/wp-content/plugins/slide-any-post/php/slide-any-post-admin.php on line 233
[22-Jan-2025 19:05:17 UTC] PHP Warning:  Constant SL_PRODUCT_ID already defined in /Users/aramirez/GitHub/PowerMole/wp-content/plugins/slide-any-post/php/slide-any-post-admin.php on line 235
[22-Jan-2025 19:05:17 UTC] PHP Warning:  Constant SL_INSTANCE already defined in /Users/aramirez/GitHub/PowerMole/wp-content/plugins/slide-any-post/php/slide-any-post-admin.php on line 238
[22-Jan-2025 19:05:39 UTC] PHP Warning:  Constant SL_APP_API_URL already defined in /Users/aramirez/GitHub/PowerMole/wp-content/plugins/slide-any-post/php/slide-any-post-admin.php on line 233
[22-Jan-2025 19:05:39 UTC] PHP Warning:  Constant SL_PRODUCT_ID already defined in /Users/aramirez/GitHub/PowerMole/wp-content/plugins/slide-any-post/php/slide-any-post-admin.php on line 235
[22-Jan-2025 19:05:39 UTC] PHP Warning:  Constant SL_INSTANCE already defined in /Users/aramirez/GitHub/PowerMole/wp-content/plugins/slide-any-post/php/slide-any-post-admin.php on line 238
[22-Jan-2025 19:05:53 UTC] PHP Warning:  Constant SL_APP_API_URL already defined in /Users/aramirez/GitHub/PowerMole/wp-content/plugins/slide-any-post/php/slide-any-post-admin.php on line 233
[22-Jan-2025 19:05:53 UTC] PHP Warning:  Constant SL_PRODUCT_ID already defined in /Users/aramirez/GitHub/PowerMole/wp-content/plugins/slide-any-post/php/slide-any-post-admin.php on line 235
[22-Jan-2025 19:05:53 UTC] PHP Warning:  Constant SL_INSTANCE already defined in /Users/aramirez/GitHub/PowerMole/wp-content/plugins/slide-any-post/php/slide-any-post-admin.php on line 238
[22-Jan-2025 19:06:11 UTC] PHP Warning:  Constant SL_APP_API_URL already defined in /Users/aramirez/GitHub/PowerMole/wp-content/plugins/slide-any-post/php/slide-any-post-admin.php on line 233
[22-Jan-2025 19:06:11 UTC] PHP Warning:  Constant SL_PRODUCT_ID already defined in /Users/aramirez/GitHub/PowerMole/wp-content/plugins/slide-any-post/php/slide-any-post-admin.php on line 235
[22-Jan-2025 19:06:11 UTC] PHP Warning:  Constant SL_INSTANCE already defined in /Users/aramirez/GitHub/PowerMole/wp-content/plugins/slide-any-post/php/slide-any-post-admin.php on line 238
[22-Jan-2025 19:10:14 UTC] PHP Warning:  Constant SL_APP_API_URL already defined in /Users/aramirez/GitHub/PowerMole/wp-content/plugins/slide-any-post/php/slide-any-post-admin.php on line 233
[22-Jan-2025 19:10:14 UTC] PHP Warning:  Constant SL_PRODUCT_ID already defined in /Users/aramirez/GitHub/PowerMole/wp-content/plugins/slide-any-post/php/slide-any-post-admin.php on line 235
[22-Jan-2025 19:10:14 UTC] PHP Warning:  Constant SL_INSTANCE already defined in /Users/aramirez/GitHub/PowerMole/wp-content/plugins/slide-any-post/php/slide-any-post-admin.php on line 238
[22-Jan-2025 19:10:35 UTC] PHP Warning:  Constant SL_APP_API_URL already defined in /Users/aramirez/GitHub/PowerMole/wp-content/plugins/slide-any-post/php/slide-any-post-admin.php on line 233
[22-Jan-2025 19:10:35 UTC] PHP Warning:  Constant SL_PRODUCT_ID already defined in /Users/aramirez/GitHub/PowerMole/wp-content/plugins/slide-any-post/php/slide-any-post-admin.php on line 235
[22-Jan-2025 19:10:35 UTC] PHP Warning:  Constant SL_INSTANCE already defined in /Users/aramirez/GitHub/PowerMole/wp-content/plugins/slide-any-post/php/slide-any-post-admin.php on line 238
[22-Jan-2025 19:11:41 UTC] PHP Warning:  Constant SL_APP_API_URL already defined in /Users/aramirez/GitHub/PowerMole/wp-content/plugins/slide-any-post/php/slide-any-post-admin.php on line 233
[22-Jan-2025 19:11:41 UTC] PHP Warning:  Constant SL_PRODUCT_ID already defined in /Users/aramirez/GitHub/PowerMole/wp-content/plugins/slide-any-post/php/slide-any-post-admin.php on line 235
[22-Jan-2025 19:11:41 UTC] PHP Warning:  Constant SL_INSTANCE already defined in /Users/aramirez/GitHub/PowerMole/wp-content/plugins/slide-any-post/php/slide-any-post-admin.php on line 238
[22-Jan-2025 19:20:03 UTC] PHP Warning:  Constant SL_APP_API_URL already defined in /Users/aramirez/GitHub/PowerMole/wp-content/plugins/slide-any-post/php/slide-any-post-admin.php on line 233
[22-Jan-2025 19:20:03 UTC] PHP Warning:  Constant SL_PRODUCT_ID already defined in /Users/aramirez/GitHub/PowerMole/wp-content/plugins/slide-any-post/php/slide-any-post-admin.php on line 235
[22-Jan-2025 19:20:03 UTC] PHP Warning:  Constant SL_INSTANCE already defined in /Users/aramirez/GitHub/PowerMole/wp-content/plugins/slide-any-post/php/slide-any-post-admin.php on line 238
[22-Jan-2025 19:21:11 UTC] Automatic updates starting...
[22-Jan-2025 19:21:11 UTC] Automatic updates complete.
[22-Jan-2025 19:21:26 UTC] PHP Warning:  Constant SL_APP_API_URL already defined in /Users/aramirez/GitHub/PowerMole/wp-content/plugins/slide-any-post/php/slide-any-post-admin.php on line 233
[22-Jan-2025 19:21:26 UTC] PHP Warning:  Constant SL_PRODUCT_ID already defined in /Users/aramirez/GitHub/PowerMole/wp-content/plugins/slide-any-post/php/slide-any-post-admin.php on line 235
[22-Jan-2025 19:21:26 UTC] PHP Warning:  Constant SL_INSTANCE already defined in /Users/aramirez/GitHub/PowerMole/wp-content/plugins/slide-any-post/php/slide-any-post-admin.php on line 238
[22-Jan-2025 19:21:53 UTC] PHP Warning:  Constant SL_APP_API_URL already defined in /Users/aramirez/GitHub/PowerMole/wp-content/plugins/slide-any-post/php/slide-any-post-admin.php on line 233
[22-Jan-2025 19:21:53 UTC] PHP Warning:  Constant SL_PRODUCT_ID already defined in /Users/aramirez/GitHub/PowerMole/wp-content/plugins/slide-any-post/php/slide-any-post-admin.php on line 235
[22-Jan-2025 19:21:53 UTC] PHP Warning:  Constant SL_INSTANCE already defined in /Users/aramirez/GitHub/PowerMole/wp-content/plugins/slide-any-post/php/slide-any-post-admin.php on line 238
[22-Jan-2025 19:23:37 UTC] PHP Warning:  Constant SL_APP_API_URL already defined in /Users/aramirez/GitHub/PowerMole/wp-content/plugins/slide-any-post/php/slide-any-post-admin.php on line 233
[22-Jan-2025 19:23:37 UTC] PHP Warning:  Constant SL_PRODUCT_ID already defined in /Users/aramirez/GitHub/PowerMole/wp-content/plugins/slide-any-post/php/slide-any-post-admin.php on line 235
[22-Jan-2025 19:23:37 UTC] PHP Warning:  Constant SL_INSTANCE already defined in /Users/aramirez/GitHub/PowerMole/wp-content/plugins/slide-any-post/php/slide-any-post-admin.php on line 238
[22-Jan-2025 19:23:56 UTC] PHP Warning:  Constant SL_APP_API_URL already defined in /Users/aramirez/GitHub/PowerMole/wp-content/plugins/slide-any-post/php/slide-any-post-admin.php on line 233
[22-Jan-2025 19:23:56 UTC] PHP Warning:  Constant SL_PRODUCT_ID already defined in /Users/aramirez/GitHub/PowerMole/wp-content/plugins/slide-any-post/php/slide-any-post-admin.php on line 235
[22-Jan-2025 19:23:56 UTC] PHP Warning:  Constant SL_INSTANCE already defined in /Users/aramirez/GitHub/PowerMole/wp-content/plugins/slide-any-post/php/slide-any-post-admin.php on line 238
[22-Jan-2025 19:24:22 UTC] PHP Warning:  Constant SL_APP_API_URL already defined in /Users/aramirez/GitHub/PowerMole/wp-content/plugins/slide-any-post/php/slide-any-post-admin.php on line 233
[22-Jan-2025 19:24:22 UTC] PHP Warning:  Constant SL_PRODUCT_ID already defined in /Users/aramirez/GitHub/PowerMole/wp-content/plugins/slide-any-post/php/slide-any-post-admin.php on line 235
[22-Jan-2025 19:24:22 UTC] PHP Warning:  Constant SL_INSTANCE already defined in /Users/aramirez/GitHub/PowerMole/wp-content/plugins/slide-any-post/php/slide-any-post-admin.php on line 238
[22-Jan-2025 19:25:46 UTC] PHP Warning:  Constant SL_APP_API_URL already defined in /Users/aramirez/GitHub/PowerMole/wp-content/plugins/slide-any-post/php/slide-any-post-admin.php on line 233
[22-Jan-2025 19:25:46 UTC] PHP Warning:  Constant SL_PRODUCT_ID already defined in /Users/aramirez/GitHub/PowerMole/wp-content/plugins/slide-any-post/php/slide-any-post-admin.php on line 235
[22-Jan-2025 19:25:46 UTC] PHP Warning:  Constant SL_INSTANCE already defined in /Users/aramirez/GitHub/PowerMole/wp-content/plugins/slide-any-post/php/slide-any-post-admin.php on line 238
[22-Jan-2025 19:25:51 UTC] PHP Warning:  Constant SL_APP_API_URL already defined in /Users/aramirez/GitHub/PowerMole/wp-content/plugins/slide-any-post/php/slide-any-post-admin.php on line 233
[22-Jan-2025 19:25:51 UTC] PHP Warning:  Constant SL_PRODUCT_ID already defined in /Users/aramirez/GitHub/PowerMole/wp-content/plugins/slide-any-post/php/slide-any-post-admin.php on line 235
[22-Jan-2025 19:25:51 UTC] PHP Warning:  Constant SL_INSTANCE already defined in /Users/aramirez/GitHub/PowerMole/wp-content/plugins/slide-any-post/php/slide-any-post-admin.php on line 238
[22-Jan-2025 19:26:31 UTC] PHP Warning:  Constant SL_APP_API_URL already defined in /Users/aramirez/GitHub/PowerMole/wp-content/plugins/slide-any-post/php/slide-any-post-admin.php on line 233
[22-Jan-2025 19:26:31 UTC] PHP Warning:  Constant SL_PRODUCT_ID already defined in /Users/aramirez/GitHub/PowerMole/wp-content/plugins/slide-any-post/php/slide-any-post-admin.php on line 235
[22-Jan-2025 19:26:31 UTC] PHP Warning:  Constant SL_INSTANCE already defined in /Users/aramirez/GitHub/PowerMole/wp-content/plugins/slide-any-post/php/slide-any-post-admin.php on line 238
[22-Jan-2025 21:35:22 UTC] PHP Warning:  Constant SL_APP_API_URL already defined in /Users/aramirez/GitHub/PowerMole/wp-content/plugins/slide-any-post/php/slide-any-post-admin.php on line 233
[22-Jan-2025 21:35:22 UTC] PHP Warning:  Constant SL_PRODUCT_ID already defined in /Users/aramirez/GitHub/PowerMole/wp-content/plugins/slide-any-post/php/slide-any-post-admin.php on line 235
[22-Jan-2025 21:35:22 UTC] PHP Warning:  Constant SL_INSTANCE already defined in /Users/aramirez/GitHub/PowerMole/wp-content/plugins/slide-any-post/php/slide-any-post-admin.php on line 238
[22-Jan-2025 21:36:47 UTC] PHP Warning:  Constant SL_APP_API_URL already defined in /Users/aramirez/GitHub/PowerMole/wp-content/plugins/slide-any-post/php/slide-any-post-admin.php on line 233
[22-Jan-2025 21:36:47 UTC] PHP Warning:  Constant SL_PRODUCT_ID already defined in /Users/aramirez/GitHub/PowerMole/wp-content/plugins/slide-any-post/php/slide-any-post-admin.php on line 235
[22-Jan-2025 21:36:47 UTC] PHP Warning:  Constant SL_INSTANCE already defined in /Users/aramirez/GitHub/PowerMole/wp-content/plugins/slide-any-post/php/slide-any-post-admin.php on line 238
[22-Jan-2025 21:37:20 UTC] PHP Warning:  Constant SL_APP_API_URL already defined in /Users/aramirez/GitHub/PowerMole/wp-content/plugins/slide-any-post/php/slide-any-post-admin.php on line 233
[22-Jan-2025 21:37:20 UTC] PHP Warning:  Constant SL_PRODUCT_ID already defined in /Users/aramirez/GitHub/PowerMole/wp-content/plugins/slide-any-post/php/slide-any-post-admin.php on line 235
[22-Jan-2025 21:37:20 UTC] PHP Warning:  Constant SL_INSTANCE already defined in /Users/aramirez/GitHub/PowerMole/wp-content/plugins/slide-any-post/php/slide-any-post-admin.php on line 238
[22-Jan-2025 21:45:27 UTC] PHP Warning:  Constant SL_APP_API_URL already defined in /Users/aramirez/GitHub/PowerMole/wp-content/plugins/slide-any-post/php/slide-any-post-admin.php on line 233
[22-Jan-2025 21:45:27 UTC] PHP Warning:  Constant SL_PRODUCT_ID already defined in /Users/aramirez/GitHub/PowerMole/wp-content/plugins/slide-any-post/php/slide-any-post-admin.php on line 235
[22-Jan-2025 21:45:27 UTC] PHP Warning:  Constant SL_INSTANCE already defined in /Users/aramirez/GitHub/PowerMole/wp-content/plugins/slide-any-post/php/slide-any-post-admin.php on line 238
[22-Jan-2025 21:49:48 UTC] PHP Warning:  Constant SL_APP_API_URL already defined in /Users/aramirez/GitHub/PowerMole/wp-content/plugins/slide-any-post/php/slide-any-post-admin.php on line 233
[22-Jan-2025 21:49:48 UTC] PHP Warning:  Constant SL_PRODUCT_ID already defined in /Users/aramirez/GitHub/PowerMole/wp-content/plugins/slide-any-post/php/slide-any-post-admin.php on line 235
[22-Jan-2025 21:49:48 UTC] PHP Warning:  Constant SL_INSTANCE already defined in /Users/aramirez/GitHub/PowerMole/wp-content/plugins/slide-any-post/php/slide-any-post-admin.php on line 238
[22-Jan-2025 21:54:54 UTC] PHP Warning:  Constant SL_APP_API_URL already defined in /Users/aramirez/GitHub/PowerMole/wp-content/plugins/slide-any-post/php/slide-any-post-admin.php on line 233
[22-Jan-2025 21:54:54 UTC] PHP Warning:  Constant SL_PRODUCT_ID already defined in /Users/aramirez/GitHub/PowerMole/wp-content/plugins/slide-any-post/php/slide-any-post-admin.php on line 235
[22-Jan-2025 21:54:54 UTC] PHP Warning:  Constant SL_INSTANCE already defined in /Users/aramirez/GitHub/PowerMole/wp-content/plugins/slide-any-post/php/slide-any-post-admin.php on line 238
[22-Jan-2025 22:00:24 UTC] PHP Warning:  Constant SL_APP_API_URL already defined in /Users/aramirez/GitHub/PowerMole/wp-content/plugins/slide-any-post/php/slide-any-post-admin.php on line 233
[22-Jan-2025 22:00:24 UTC] PHP Warning:  Constant SL_PRODUCT_ID already defined in /Users/aramirez/GitHub/PowerMole/wp-content/plugins/slide-any-post/php/slide-any-post-admin.php on line 235
[22-Jan-2025 22:00:24 UTC] PHP Warning:  Constant SL_INSTANCE already defined in /Users/aramirez/GitHub/PowerMole/wp-content/plugins/slide-any-post/php/slide-any-post-admin.php on line 238
[22-Jan-2025 22:00:35 UTC] PHP Warning:  Constant SL_APP_API_URL already defined in /Users/aramirez/GitHub/PowerMole/wp-content/plugins/slide-any-post/php/slide-any-post-admin.php on line 233
[22-Jan-2025 22:00:35 UTC] PHP Warning:  Constant SL_PRODUCT_ID already defined in /Users/aramirez/GitHub/PowerMole/wp-content/plugins/slide-any-post/php/slide-any-post-admin.php on line 235
[22-Jan-2025 22:00:35 UTC] PHP Warning:  Constant SL_INSTANCE already defined in /Users/aramirez/GitHub/PowerMole/wp-content/plugins/slide-any-post/php/slide-any-post-admin.php on line 238
[22-Jan-2025 22:09:00 UTC] PHP Warning:  Constant SL_APP_API_URL already defined in /Users/aramirez/GitHub/PowerMole/wp-content/plugins/slide-any-post/php/slide-any-post-admin.php on line 233
[22-Jan-2025 22:09:00 UTC] PHP Warning:  Constant SL_PRODUCT_ID already defined in /Users/aramirez/GitHub/PowerMole/wp-content/plugins/slide-any-post/php/slide-any-post-admin.php on line 235
[22-Jan-2025 22:09:00 UTC] PHP Warning:  Constant SL_INSTANCE already defined in /Users/aramirez/GitHub/PowerMole/wp-content/plugins/slide-any-post/php/slide-any-post-admin.php on line 238
[22-Jan-2025 22:13:07 UTC] PHP Warning:  Constant SL_APP_API_URL already defined in /Users/aramirez/GitHub/PowerMole/wp-content/plugins/slide-any-post/php/slide-any-post-admin.php on line 233
[22-Jan-2025 22:13:07 UTC] PHP Warning:  Constant SL_PRODUCT_ID already defined in /Users/aramirez/GitHub/PowerMole/wp-content/plugins/slide-any-post/php/slide-any-post-admin.php on line 235
[22-Jan-2025 22:13:07 UTC] PHP Warning:  Constant SL_INSTANCE already defined in /Users/aramirez/GitHub/PowerMole/wp-content/plugins/slide-any-post/php/slide-any-post-admin.php on line 238
[22-Jan-2025 22:14:53 UTC] PHP Warning:  Constant SL_APP_API_URL already defined in /Users/aramirez/GitHub/PowerMole/wp-content/plugins/slide-any-post/php/slide-any-post-admin.php on line 233
[22-Jan-2025 22:14:53 UTC] PHP Warning:  Constant SL_PRODUCT_ID already defined in /Users/aramirez/GitHub/PowerMole/wp-content/plugins/slide-any-post/php/slide-any-post-admin.php on line 235
[22-Jan-2025 22:14:53 UTC] PHP Warning:  Constant SL_INSTANCE already defined in /Users/aramirez/GitHub/PowerMole/wp-content/plugins/slide-any-post/php/slide-any-post-admin.php on line 238
[22-Jan-2025 22:14:57 UTC] PHP Warning:  Constant SL_APP_API_URL already defined in /Users/aramirez/GitHub/PowerMole/wp-content/plugins/slide-any-post/php/slide-any-post-admin.php on line 233
[22-Jan-2025 22:14:57 UTC] PHP Warning:  Constant SL_PRODUCT_ID already defined in /Users/aramirez/GitHub/PowerMole/wp-content/plugins/slide-any-post/php/slide-any-post-admin.php on line 235
[22-Jan-2025 22:14:57 UTC] PHP Warning:  Constant SL_INSTANCE already defined in /Users/aramirez/GitHub/PowerMole/wp-content/plugins/slide-any-post/php/slide-any-post-admin.php on line 238
[22-Jan-2025 22:14:57 UTC] PHP Warning:  Constant SL_APP_API_URL already defined in /Users/aramirez/GitHub/PowerMole/wp-content/plugins/slide-any-post/php/slide-any-post-admin.php on line 233
[22-Jan-2025 22:14:57 UTC] PHP Warning:  Constant SL_PRODUCT_ID already defined in /Users/aramirez/GitHub/PowerMole/wp-content/plugins/slide-any-post/php/slide-any-post-admin.php on line 235
[22-Jan-2025 22:14:57 UTC] PHP Warning:  Constant SL_INSTANCE already defined in /Users/aramirez/GitHub/PowerMole/wp-content/plugins/slide-any-post/php/slide-any-post-admin.php on line 238
[22-Jan-2025 22:16:03 UTC] PHP Warning:  Constant SL_APP_API_URL already defined in /Users/aramirez/GitHub/PowerMole/wp-content/plugins/slide-any-post/php/slide-any-post-admin.php on line 233
[22-Jan-2025 22:16:03 UTC] PHP Warning:  Constant SL_PRODUCT_ID already defined in /Users/aramirez/GitHub/PowerMole/wp-content/plugins/slide-any-post/php/slide-any-post-admin.php on line 235
[22-Jan-2025 22:16:03 UTC] PHP Warning:  Constant SL_INSTANCE already defined in /Users/aramirez/GitHub/PowerMole/wp-content/plugins/slide-any-post/php/slide-any-post-admin.php on line 238
[22-Jan-2025 22:57:11 UTC] PHP Warning:  Constant SL_APP_API_URL already defined in /Users/aramirez/GitHub/PowerMole/wp-content/plugins/slide-any-post/php/slide-any-post-admin.php on line 233
[22-Jan-2025 22:57:11 UTC] PHP Warning:  Constant SL_PRODUCT_ID already defined in /Users/aramirez/GitHub/PowerMole/wp-content/plugins/slide-any-post/php/slide-any-post-admin.php on line 235
[22-Jan-2025 22:57:11 UTC] PHP Warning:  Constant SL_INSTANCE already defined in /Users/aramirez/GitHub/PowerMole/wp-content/plugins/slide-any-post/php/slide-any-post-admin.php on line 238
[22-Jan-2025 22:57:21 UTC] PHP Warning:  Constant SL_APP_API_URL already defined in /Users/aramirez/GitHub/PowerMole/wp-content/plugins/slide-any-post/php/slide-any-post-admin.php on line 233
[22-Jan-2025 22:57:21 UTC] PHP Warning:  Constant SL_PRODUCT_ID already defined in /Users/aramirez/GitHub/PowerMole/wp-content/plugins/slide-any-post/php/slide-any-post-admin.php on line 235
[22-Jan-2025 22:57:21 UTC] PHP Warning:  Constant SL_INSTANCE already defined in /Users/aramirez/GitHub/PowerMole/wp-content/plugins/slide-any-post/php/slide-any-post-admin.php on line 238
[22-Jan-2025 22:57:48 UTC] PHP Warning:  Constant SL_APP_API_URL already defined in /Users/aramirez/GitHub/PowerMole/wp-content/plugins/slide-any-post/php/slide-any-post-admin.php on line 233
[22-Jan-2025 22:57:48 UTC] PHP Warning:  Constant SL_PRODUCT_ID already defined in /Users/aramirez/GitHub/PowerMole/wp-content/plugins/slide-any-post/php/slide-any-post-admin.php on line 235
[22-Jan-2025 22:57:48 UTC] PHP Warning:  Constant SL_INSTANCE already defined in /Users/aramirez/GitHub/PowerMole/wp-content/plugins/slide-any-post/php/slide-any-post-admin.php on line 238
[22-Jan-2025 23:12:17 UTC] PHP Warning:  Constant SL_APP_API_URL already defined in /Users/aramirez/GitHub/PowerMole/wp-content/plugins/slide-any-post/php/slide-any-post-admin.php on line 233
[22-Jan-2025 23:12:17 UTC] PHP Warning:  Constant SL_PRODUCT_ID already defined in /Users/aramirez/GitHub/PowerMole/wp-content/plugins/slide-any-post/php/slide-any-post-admin.php on line 235
[22-Jan-2025 23:12:17 UTC] PHP Warning:  Constant SL_INSTANCE already defined in /Users/aramirez/GitHub/PowerMole/wp-content/plugins/slide-any-post/php/slide-any-post-admin.php on line 238
[22-Jan-2025 23:15:36 UTC] PHP Warning:  Constant SL_APP_API_URL already defined in /Users/aramirez/GitHub/PowerMole/wp-content/plugins/slide-any-post/php/slide-any-post-admin.php on line 233
[22-Jan-2025 23:15:36 UTC] PHP Warning:  Constant SL_PRODUCT_ID already defined in /Users/aramirez/GitHub/PowerMole/wp-content/plugins/slide-any-post/php/slide-any-post-admin.php on line 235
[22-Jan-2025 23:15:36 UTC] PHP Warning:  Constant SL_INSTANCE already defined in /Users/aramirez/GitHub/PowerMole/wp-content/plugins/slide-any-post/php/slide-any-post-admin.php on line 238
[22-Jan-2025 23:16:42 UTC] PHP Warning:  Constant SL_APP_API_URL already defined in /Users/aramirez/GitHub/PowerMole/wp-content/plugins/slide-any-post/php/slide-any-post-admin.php on line 233
[22-Jan-2025 23:16:42 UTC] PHP Warning:  Constant SL_PRODUCT_ID already defined in /Users/aramirez/GitHub/PowerMole/wp-content/plugins/slide-any-post/php/slide-any-post-admin.php on line 235
[22-Jan-2025 23:16:42 UTC] PHP Warning:  Constant SL_INSTANCE already defined in /Users/aramirez/GitHub/PowerMole/wp-content/plugins/slide-any-post/php/slide-any-post-admin.php on line 238
[22-Jan-2025 23:18:41 UTC] PHP Warning:  Constant SL_APP_API_URL already defined in /Users/aramirez/GitHub/PowerMole/wp-content/plugins/slide-any-post/php/slide-any-post-admin.php on line 233
[22-Jan-2025 23:18:41 UTC] PHP Warning:  Constant SL_PRODUCT_ID already defined in /Users/aramirez/GitHub/PowerMole/wp-content/plugins/slide-any-post/php/slide-any-post-admin.php on line 235
[22-Jan-2025 23:18:41 UTC] PHP Warning:  Constant SL_INSTANCE already defined in /Users/aramirez/GitHub/PowerMole/wp-content/plugins/slide-any-post/php/slide-any-post-admin.php on line 238
[22-Jan-2025 23:20:48 UTC] PHP Warning:  Constant SL_APP_API_URL already defined in /Users/aramirez/GitHub/PowerMole/wp-content/plugins/slide-any-post/php/slide-any-post-admin.php on line 233
[22-Jan-2025 23:20:48 UTC] PHP Warning:  Constant SL_PRODUCT_ID already defined in /Users/aramirez/GitHub/PowerMole/wp-content/plugins/slide-any-post/php/slide-any-post-admin.php on line 235
[22-Jan-2025 23:20:48 UTC] PHP Warning:  Constant SL_INSTANCE already defined in /Users/aramirez/GitHub/PowerMole/wp-content/plugins/slide-any-post/php/slide-any-post-admin.php on line 238
[22-Jan-2025 23:22:03 UTC] PHP Warning:  Constant SL_APP_API_URL already defined in /Users/aramirez/GitHub/PowerMole/wp-content/plugins/slide-any-post/php/slide-any-post-admin.php on line 233
[22-Jan-2025 23:22:03 UTC] PHP Warning:  Constant SL_PRODUCT_ID already defined in /Users/aramirez/GitHub/PowerMole/wp-content/plugins/slide-any-post/php/slide-any-post-admin.php on line 235
[22-Jan-2025 23:22:03 UTC] PHP Warning:  Constant SL_INSTANCE already defined in /Users/aramirez/GitHub/PowerMole/wp-content/plugins/slide-any-post/php/slide-any-post-admin.php on line 238
[22-Jan-2025 23:24:08 UTC] PHP Warning:  Constant SL_APP_API_URL already defined in /Users/aramirez/GitHub/PowerMole/wp-content/plugins/slide-any-post/php/slide-any-post-admin.php on line 233
[22-Jan-2025 23:24:08 UTC] PHP Warning:  Constant SL_PRODUCT_ID already defined in /Users/aramirez/GitHub/PowerMole/wp-content/plugins/slide-any-post/php/slide-any-post-admin.php on line 235
[22-Jan-2025 23:24:08 UTC] PHP Warning:  Constant SL_INSTANCE already defined in /Users/aramirez/GitHub/PowerMole/wp-content/plugins/slide-any-post/php/slide-any-post-admin.php on line 238
[22-Jan-2025 23:24:35 UTC] PHP Warning:  Constant SL_APP_API_URL already defined in /Users/aramirez/GitHub/PowerMole/wp-content/plugins/slide-any-post/php/slide-any-post-admin.php on line 233
[22-Jan-2025 23:24:35 UTC] PHP Warning:  Constant SL_PRODUCT_ID already defined in /Users/aramirez/GitHub/PowerMole/wp-content/plugins/slide-any-post/php/slide-any-post-admin.php on line 235
[22-Jan-2025 23:24:35 UTC] PHP Warning:  Constant SL_INSTANCE already defined in /Users/aramirez/GitHub/PowerMole/wp-content/plugins/slide-any-post/php/slide-any-post-admin.php on line 238
[22-Jan-2025 23:25:13 UTC] PHP Warning:  Constant SL_APP_API_URL already defined in /Users/aramirez/GitHub/PowerMole/wp-content/plugins/slide-any-post/php/slide-any-post-admin.php on line 233
[22-Jan-2025 23:25:13 UTC] PHP Warning:  Constant SL_PRODUCT_ID already defined in /Users/aramirez/GitHub/PowerMole/wp-content/plugins/slide-any-post/php/slide-any-post-admin.php on line 235
[22-Jan-2025 23:25:13 UTC] PHP Warning:  Constant SL_INSTANCE already defined in /Users/aramirez/GitHub/PowerMole/wp-content/plugins/slide-any-post/php/slide-any-post-admin.php on line 238
[22-Jan-2025 23:26:29 UTC] PHP Warning:  Constant SL_APP_API_URL already defined in /Users/aramirez/GitHub/PowerMole/wp-content/plugins/slide-any-post/php/slide-any-post-admin.php on line 233
[22-Jan-2025 23:26:29 UTC] PHP Warning:  Constant SL_PRODUCT_ID already defined in /Users/aramirez/GitHub/PowerMole/wp-content/plugins/slide-any-post/php/slide-any-post-admin.php on line 235
[22-Jan-2025 23:26:29 UTC] PHP Warning:  Constant SL_INSTANCE already defined in /Users/aramirez/GitHub/PowerMole/wp-content/plugins/slide-any-post/php/slide-any-post-admin.php on line 238
[22-Jan-2025 23:28:13 UTC] PHP Warning:  Constant SL_APP_API_URL already defined in /Users/aramirez/GitHub/PowerMole/wp-content/plugins/slide-any-post/php/slide-any-post-admin.php on line 233
[22-Jan-2025 23:28:13 UTC] PHP Warning:  Constant SL_PRODUCT_ID already defined in /Users/aramirez/GitHub/PowerMole/wp-content/plugins/slide-any-post/php/slide-any-post-admin.php on line 235
[22-Jan-2025 23:28:13 UTC] PHP Warning:  Constant SL_INSTANCE already defined in /Users/aramirez/GitHub/PowerMole/wp-content/plugins/slide-any-post/php/slide-any-post-admin.php on line 238
[22-Jan-2025 23:29:23 UTC] PHP Warning:  Constant SL_APP_API_URL already defined in /Users/aramirez/GitHub/PowerMole/wp-content/plugins/slide-any-post/php/slide-any-post-admin.php on line 233
[22-Jan-2025 23:29:23 UTC] PHP Warning:  Constant SL_PRODUCT_ID already defined in /Users/aramirez/GitHub/PowerMole/wp-content/plugins/slide-any-post/php/slide-any-post-admin.php on line 235
[22-Jan-2025 23:29:23 UTC] PHP Warning:  Constant SL_INSTANCE already defined in /Users/aramirez/GitHub/PowerMole/wp-content/plugins/slide-any-post/php/slide-any-post-admin.php on line 238
[22-Jan-2025 23:33:25 UTC] PHP Warning:  Constant SL_APP_API_URL already defined in /Users/aramirez/GitHub/PowerMole/wp-content/plugins/slide-any-post/php/slide-any-post-admin.php on line 233
[22-Jan-2025 23:33:25 UTC] PHP Warning:  Constant SL_PRODUCT_ID already defined in /Users/aramirez/GitHub/PowerMole/wp-content/plugins/slide-any-post/php/slide-any-post-admin.php on line 235
[22-Jan-2025 23:33:25 UTC] PHP Warning:  Constant SL_INSTANCE already defined in /Users/aramirez/GitHub/PowerMole/wp-content/plugins/slide-any-post/php/slide-any-post-admin.php on line 238
[22-Jan-2025 23:38:17 UTC] PHP Warning:  Constant SL_APP_API_URL already defined in /Users/aramirez/GitHub/PowerMole/wp-content/plugins/slide-any-post/php/slide-any-post-admin.php on line 233
[22-Jan-2025 23:38:17 UTC] PHP Warning:  Constant SL_PRODUCT_ID already defined in /Users/aramirez/GitHub/PowerMole/wp-content/plugins/slide-any-post/php/slide-any-post-admin.php on line 235
[22-Jan-2025 23:38:17 UTC] PHP Warning:  Constant SL_INSTANCE already defined in /Users/aramirez/GitHub/PowerMole/wp-content/plugins/slide-any-post/php/slide-any-post-admin.php on line 238
[22-Jan-2025 23:38:51 UTC] PHP Warning:  Constant SL_APP_API_URL already defined in /Users/aramirez/GitHub/PowerMole/wp-content/plugins/slide-any-post/php/slide-any-post-admin.php on line 233
[22-Jan-2025 23:38:51 UTC] PHP Warning:  Constant SL_PRODUCT_ID already defined in /Users/aramirez/GitHub/PowerMole/wp-content/plugins/slide-any-post/php/slide-any-post-admin.php on line 235
[22-Jan-2025 23:38:51 UTC] PHP Warning:  Constant SL_INSTANCE already defined in /Users/aramirez/GitHub/PowerMole/wp-content/plugins/slide-any-post/php/slide-any-post-admin.php on line 238
[22-Jan-2025 23:40:48 UTC] PHP Warning:  Constant SL_APP_API_URL already defined in /Users/aramirez/GitHub/PowerMole/wp-content/plugins/slide-any-post/php/slide-any-post-admin.php on line 233
[22-Jan-2025 23:40:48 UTC] PHP Warning:  Constant SL_PRODUCT_ID already defined in /Users/aramirez/GitHub/PowerMole/wp-content/plugins/slide-any-post/php/slide-any-post-admin.php on line 235
[22-Jan-2025 23:40:48 UTC] PHP Warning:  Constant SL_INSTANCE already defined in /Users/aramirez/GitHub/PowerMole/wp-content/plugins/slide-any-post/php/slide-any-post-admin.php on line 238
[22-Jan-2025 23:42:03 UTC] PHP Warning:  Constant SL_APP_API_URL already defined in /Users/aramirez/GitHub/PowerMole/wp-content/plugins/slide-any-post/php/slide-any-post-admin.php on line 233
[22-Jan-2025 23:42:03 UTC] PHP Warning:  Constant SL_PRODUCT_ID already defined in /Users/aramirez/GitHub/PowerMole/wp-content/plugins/slide-any-post/php/slide-any-post-admin.php on line 235
[22-Jan-2025 23:42:03 UTC] PHP Warning:  Constant SL_INSTANCE already defined in /Users/aramirez/GitHub/PowerMole/wp-content/plugins/slide-any-post/php/slide-any-post-admin.php on line 238
[22-Jan-2025 23:43:20 UTC] PHP Warning:  Constant SL_APP_API_URL already defined in /Users/aramirez/GitHub/PowerMole/wp-content/plugins/slide-any-post/php/slide-any-post-admin.php on line 233
[22-Jan-2025 23:43:20 UTC] PHP Warning:  Constant SL_PRODUCT_ID already defined in /Users/aramirez/GitHub/PowerMole/wp-content/plugins/slide-any-post/php/slide-any-post-admin.php on line 235
[22-Jan-2025 23:43:20 UTC] PHP Warning:  Constant SL_INSTANCE already defined in /Users/aramirez/GitHub/PowerMole/wp-content/plugins/slide-any-post/php/slide-any-post-admin.php on line 238
[22-Jan-2025 23:43:24 UTC] PHP Parse error:  syntax error, unexpected double-quote mark in /Users/aramirez/GitHub/PowerMole/wp-content/themes/starterpistol-child/template-parts/hero.php on line 36
[22-Jan-2025 23:46:26 UTC] PHP Warning:  Constant SL_APP_API_URL already defined in /Users/aramirez/GitHub/PowerMole/wp-content/plugins/slide-any-post/php/slide-any-post-admin.php on line 233
[22-Jan-2025 23:46:26 UTC] PHP Warning:  Constant SL_PRODUCT_ID already defined in /Users/aramirez/GitHub/PowerMole/wp-content/plugins/slide-any-post/php/slide-any-post-admin.php on line 235
[22-Jan-2025 23:46:26 UTC] PHP Warning:  Constant SL_INSTANCE already defined in /Users/aramirez/GitHub/PowerMole/wp-content/plugins/slide-any-post/php/slide-any-post-admin.php on line 238
[22-Jan-2025 23:46:30 UTC] PHP Parse error:  syntax error, unexpected token ";" in /Users/aramirez/GitHub/PowerMole/wp-content/themes/starterpistol-child/template-parts/hero.php on line 36
[22-Jan-2025 23:46:48 UTC] PHP Warning:  Constant SL_APP_API_URL already defined in /Users/aramirez/GitHub/PowerMole/wp-content/plugins/slide-any-post/php/slide-any-post-admin.php on line 233
[22-Jan-2025 23:46:48 UTC] PHP Warning:  Constant SL_PRODUCT_ID already defined in /Users/aramirez/GitHub/PowerMole/wp-content/plugins/slide-any-post/php/slide-any-post-admin.php on line 235
[22-Jan-2025 23:46:48 UTC] PHP Warning:  Constant SL_INSTANCE already defined in /Users/aramirez/GitHub/PowerMole/wp-content/plugins/slide-any-post/php/slide-any-post-admin.php on line 238
[22-Jan-2025 23:46:52 UTC] PHP Warning:  Constant SL_APP_API_URL already defined in /Users/aramirez/GitHub/PowerMole/wp-content/plugins/slide-any-post/php/slide-any-post-admin.php on line 233
[22-Jan-2025 23:46:52 UTC] PHP Warning:  Constant SL_PRODUCT_ID already defined in /Users/aramirez/GitHub/PowerMole/wp-content/plugins/slide-any-post/php/slide-any-post-admin.php on line 235
[22-Jan-2025 23:46:52 UTC] PHP Warning:  Constant SL_INSTANCE already defined in /Users/aramirez/GitHub/PowerMole/wp-content/plugins/slide-any-post/php/slide-any-post-admin.php on line 238
[22-Jan-2025 23:47:06 UTC] PHP Warning:  Constant SL_APP_API_URL already defined in /Users/aramirez/GitHub/PowerMole/wp-content/plugins/slide-any-post/php/slide-any-post-admin.php on line 233
[22-Jan-2025 23:47:06 UTC] PHP Warning:  Constant SL_PRODUCT_ID already defined in /Users/aramirez/GitHub/PowerMole/wp-content/plugins/slide-any-post/php/slide-any-post-admin.php on line 235
[22-Jan-2025 23:47:06 UTC] PHP Warning:  Constant SL_INSTANCE already defined in /Users/aramirez/GitHub/PowerMole/wp-content/plugins/slide-any-post/php/slide-any-post-admin.php on line 238
[22-Jan-2025 23:47:54 UTC] PHP Warning:  Constant SL_APP_API_URL already defined in /Users/aramirez/GitHub/PowerMole/wp-content/plugins/slide-any-post/php/slide-any-post-admin.php on line 233
[22-Jan-2025 23:47:54 UTC] PHP Warning:  Constant SL_PRODUCT_ID already defined in /Users/aramirez/GitHub/PowerMole/wp-content/plugins/slide-any-post/php/slide-any-post-admin.php on line 235
[22-Jan-2025 23:47:54 UTC] PHP Warning:  Constant SL_INSTANCE already defined in /Users/aramirez/GitHub/PowerMole/wp-content/plugins/slide-any-post/php/slide-any-post-admin.php on line 238
[22-Jan-2025 23:47:59 UTC] PHP Warning:  Constant SL_APP_API_URL already defined in /Users/aramirez/GitHub/PowerMole/wp-content/plugins/slide-any-post/php/slide-any-post-admin.php on line 233
[22-Jan-2025 23:47:59 UTC] PHP Warning:  Constant SL_PRODUCT_ID already defined in /Users/aramirez/GitHub/PowerMole/wp-content/plugins/slide-any-post/php/slide-any-post-admin.php on line 235
[22-Jan-2025 23:47:59 UTC] PHP Warning:  Constant SL_INSTANCE already defined in /Users/aramirez/GitHub/PowerMole/wp-content/plugins/slide-any-post/php/slide-any-post-admin.php on line 238
[22-Jan-2025 23:48:08 UTC] PHP Warning:  Constant SL_APP_API_URL already defined in /Users/aramirez/GitHub/PowerMole/wp-content/plugins/slide-any-post/php/slide-any-post-admin.php on line 233
[22-Jan-2025 23:48:08 UTC] PHP Warning:  Constant SL_PRODUCT_ID already defined in /Users/aramirez/GitHub/PowerMole/wp-content/plugins/slide-any-post/php/slide-any-post-admin.php on line 235
[22-Jan-2025 23:48:08 UTC] PHP Warning:  Constant SL_INSTANCE already defined in /Users/aramirez/GitHub/PowerMole/wp-content/plugins/slide-any-post/php/slide-any-post-admin.php on line 238
[22-Jan-2025 23:49:55 UTC] PHP Warning:  Constant SL_APP_API_URL already defined in /Users/aramirez/GitHub/PowerMole/wp-content/plugins/slide-any-post/php/slide-any-post-admin.php on line 233
[22-Jan-2025 23:49:55 UTC] PHP Warning:  Constant SL_PRODUCT_ID already defined in /Users/aramirez/GitHub/PowerMole/wp-content/plugins/slide-any-post/php/slide-any-post-admin.php on line 235
[22-Jan-2025 23:49:55 UTC] PHP Warning:  Constant SL_INSTANCE already defined in /Users/aramirez/GitHub/PowerMole/wp-content/plugins/slide-any-post/php/slide-any-post-admin.php on line 238
[22-Jan-2025 23:50:00 UTC] PHP Warning:  Constant SL_APP_API_URL already defined in /Users/aramirez/GitHub/PowerMole/wp-content/plugins/slide-any-post/php/slide-any-post-admin.php on line 233
[22-Jan-2025 23:50:00 UTC] PHP Warning:  Constant SL_PRODUCT_ID already defined in /Users/aramirez/GitHub/PowerMole/wp-content/plugins/slide-any-post/php/slide-any-post-admin.php on line 235
[22-Jan-2025 23:50:00 UTC] PHP Warning:  Constant SL_INSTANCE already defined in /Users/aramirez/GitHub/PowerMole/wp-content/plugins/slide-any-post/php/slide-any-post-admin.php on line 238
[22-Jan-2025 23:50:05 UTC] PHP Warning:  Constant SL_APP_API_URL already defined in /Users/aramirez/GitHub/PowerMole/wp-content/plugins/slide-any-post/php/slide-any-post-admin.php on line 233
[22-Jan-2025 23:50:05 UTC] PHP Warning:  Constant SL_PRODUCT_ID already defined in /Users/aramirez/GitHub/PowerMole/wp-content/plugins/slide-any-post/php/slide-any-post-admin.php on line 235
[22-Jan-2025 23:50:05 UTC] PHP Warning:  Constant SL_INSTANCE already defined in /Users/aramirez/GitHub/PowerMole/wp-content/plugins/slide-any-post/php/slide-any-post-admin.php on line 238
[22-Jan-2025 23:50:52 UTC] PHP Warning:  Constant SL_APP_API_URL already defined in /Users/aramirez/GitHub/PowerMole/wp-content/plugins/slide-any-post/php/slide-any-post-admin.php on line 233
[22-Jan-2025 23:50:52 UTC] PHP Warning:  Constant SL_PRODUCT_ID already defined in /Users/aramirez/GitHub/PowerMole/wp-content/plugins/slide-any-post/php/slide-any-post-admin.php on line 235
[22-Jan-2025 23:50:52 UTC] PHP Warning:  Constant SL_INSTANCE already defined in /Users/aramirez/GitHub/PowerMole/wp-content/plugins/slide-any-post/php/slide-any-post-admin.php on line 238
[22-Jan-2025 23:50:57 UTC] PHP Warning:  Constant SL_APP_API_URL already defined in /Users/aramirez/GitHub/PowerMole/wp-content/plugins/slide-any-post/php/slide-any-post-admin.php on line 233
[22-Jan-2025 23:50:57 UTC] PHP Warning:  Constant SL_PRODUCT_ID already defined in /Users/aramirez/GitHub/PowerMole/wp-content/plugins/slide-any-post/php/slide-any-post-admin.php on line 235
[22-Jan-2025 23:50:57 UTC] PHP Warning:  Constant SL_INSTANCE already defined in /Users/aramirez/GitHub/PowerMole/wp-content/plugins/slide-any-post/php/slide-any-post-admin.php on line 238
[22-Jan-2025 23:51:32 UTC] PHP Warning:  Constant SL_APP_API_URL already defined in /Users/aramirez/GitHub/PowerMole/wp-content/plugins/slide-any-post/php/slide-any-post-admin.php on line 233
[22-Jan-2025 23:51:32 UTC] PHP Warning:  Constant SL_PRODUCT_ID already defined in /Users/aramirez/GitHub/PowerMole/wp-content/plugins/slide-any-post/php/slide-any-post-admin.php on line 235
[22-Jan-2025 23:51:32 UTC] PHP Warning:  Constant SL_INSTANCE already defined in /Users/aramirez/GitHub/PowerMole/wp-content/plugins/slide-any-post/php/slide-any-post-admin.php on line 238
[23-Jan-2025 00:00:25 UTC] PHP Warning:  Constant SL_APP_API_URL already defined in /Users/aramirez/GitHub/PowerMole/wp-content/plugins/slide-any-post/php/slide-any-post-admin.php on line 233
[23-Jan-2025 00:00:25 UTC] PHP Warning:  Constant SL_PRODUCT_ID already defined in /Users/aramirez/GitHub/PowerMole/wp-content/plugins/slide-any-post/php/slide-any-post-admin.php on line 235
[23-Jan-2025 00:00:25 UTC] PHP Warning:  Constant SL_INSTANCE already defined in /Users/aramirez/GitHub/PowerMole/wp-content/plugins/slide-any-post/php/slide-any-post-admin.php on line 238
[23-Jan-2025 00:05:03 UTC] PHP Warning:  Constant SL_APP_API_URL already defined in /Users/aramirez/GitHub/PowerMole/wp-content/plugins/slide-any-post/php/slide-any-post-admin.php on line 233
[23-Jan-2025 00:05:03 UTC] PHP Warning:  Constant SL_PRODUCT_ID already defined in /Users/aramirez/GitHub/PowerMole/wp-content/plugins/slide-any-post/php/slide-any-post-admin.php on line 235
[23-Jan-2025 00:05:03 UTC] PHP Warning:  Constant SL_INSTANCE already defined in /Users/aramirez/GitHub/PowerMole/wp-content/plugins/slide-any-post/php/slide-any-post-admin.php on line 238
[23-Jan-2025 00:05:36 UTC] PHP Warning:  Constant SL_APP_API_URL already defined in /Users/aramirez/GitHub/PowerMole/wp-content/plugins/slide-any-post/php/slide-any-post-admin.php on line 233
[23-Jan-2025 00:05:36 UTC] PHP Warning:  Constant SL_PRODUCT_ID already defined in /Users/aramirez/GitHub/PowerMole/wp-content/plugins/slide-any-post/php/slide-any-post-admin.php on line 235
[23-Jan-2025 00:05:36 UTC] PHP Warning:  Constant SL_INSTANCE already defined in /Users/aramirez/GitHub/PowerMole/wp-content/plugins/slide-any-post/php/slide-any-post-admin.php on line 238
[23-Jan-2025 00:09:02 UTC] PHP Warning:  Constant SL_APP_API_URL already defined in /Users/aramirez/GitHub/PowerMole/wp-content/plugins/slide-any-post/php/slide-any-post-admin.php on line 233
[23-Jan-2025 00:09:02 UTC] PHP Warning:  Constant SL_PRODUCT_ID already defined in /Users/aramirez/GitHub/PowerMole/wp-content/plugins/slide-any-post/php/slide-any-post-admin.php on line 235
[23-Jan-2025 00:09:02 UTC] PHP Warning:  Constant SL_INSTANCE already defined in /Users/aramirez/GitHub/PowerMole/wp-content/plugins/slide-any-post/php/slide-any-post-admin.php on line 238
[23-Jan-2025 00:10:01 UTC] PHP Warning:  Constant SL_APP_API_URL already defined in /Users/aramirez/GitHub/PowerMole/wp-content/plugins/slide-any-post/php/slide-any-post-admin.php on line 233
[23-Jan-2025 00:10:01 UTC] PHP Warning:  Constant SL_PRODUCT_ID already defined in /Users/aramirez/GitHub/PowerMole/wp-content/plugins/slide-any-post/php/slide-any-post-admin.php on line 235
[23-Jan-2025 00:10:01 UTC] PHP Warning:  Constant SL_INSTANCE already defined in /Users/aramirez/GitHub/PowerMole/wp-content/plugins/slide-any-post/php/slide-any-post-admin.php on line 238
[23-Jan-2025 00:10:41 UTC] PHP Warning:  Constant SL_APP_API_URL already defined in /Users/aramirez/GitHub/PowerMole/wp-content/plugins/slide-any-post/php/slide-any-post-admin.php on line 233
[23-Jan-2025 00:10:41 UTC] PHP Warning:  Constant SL_PRODUCT_ID already defined in /Users/aramirez/GitHub/PowerMole/wp-content/plugins/slide-any-post/php/slide-any-post-admin.php on line 235
[23-Jan-2025 00:10:41 UTC] PHP Warning:  Constant SL_INSTANCE already defined in /Users/aramirez/GitHub/PowerMole/wp-content/plugins/slide-any-post/php/slide-any-post-admin.php on line 238
